<?xml version="1.0" encoding="UTF-8"?>
<testsuite name="money.DataManagerTest" tests="1" skipped="0" failures="0" errors="0" timestamp="2018-10-20T16:07:57" hostname="maru-2.local" time="0.018">
  <properties/>
  <testcase name="testGetData" classname="money.DataManagerTest" time="0.018"/>
  <system-out><![CDATA[]]></system-out>
  <system-err><![CDATA[]]></system-err>
</testsuite>
